CompileCommand: exclude com/intellij/openapi/vfs/impl/FilePartNodeRoot.trieDescend bool exclude = true
2023-05-25 12:00:19,305 [   1166]   WARN - #c.i.o.a.i.ActionManagerImpl - keymap "Visual Studio" not found PluginDescriptor(name=IDEA CORE, id=com.intellij, descriptorPath=plugin.xml, path=/opt/pycharm-community-2022.2.2/lib, version=222.4167.33, package=com.intellij.feedback, isBundled=true)
2023-05-25 12:00:19,311 [   1172]   WARN - #c.i.o.a.i.ActionManagerImpl - keymap "Eclipse" not found PluginDescriptor(name=IDEA CORE, id=com.intellij, descriptorPath=plugin.xml, path=/opt/pycharm-community-2022.2.2/lib, version=222.4167.33, package=com.intellij.feedback, isBundled=true)
2023-05-25 12:00:19,311 [   1172]   WARN - #c.i.o.a.i.ActionManagerImpl - keymap "NetBeans 6.5" not found PluginDescriptor(name=IDEA CORE, id=com.intellij, descriptorPath=plugin.xml, path=/opt/pycharm-community-2022.2.2/lib, version=222.4167.33, package=com.intellij.feedback, isBundled=true)
2023-05-25 12:00:19,312 [   1173]   WARN - #c.i.o.a.i.ActionManagerImpl - keymap "Visual Studio" not found PluginDescriptor(name=IDEA CORE, id=com.intellij, descriptorPath=plugin.xml, path=/opt/pycharm-community-2022.2.2/lib, version=222.4167.33, package=com.intellij.feedback, isBundled=true)
2023-05-25 12:00:19,340 [   1201]   WARN - #c.i.o.a.i.ActionManagerImpl - keymap "Eclipse" not found PluginDescriptor(name=GitHub, id=org.jetbrains.plugins.github, descriptorPath=plugin.xml, path=/opt/pycharm-community-2022.2.2/plugins/github, version=222.4167.33, package=org.jetbrains.plugins.github, isBundled=true)
2023-05-25 12:00:19,345 [   1206]   WARN - #c.i.o.a.i.ActionManagerImpl - keymap "Eclipse" not found PluginDescriptor(name=Space, id=com.jetbrains.space, moduleName=intellij.space.vcs, descriptorPath=intellij.space.vcs.xml, path=/opt/pycharm-community-2022.2.2/plugins/space, version=222.4167.33, package=com.intellij.space.vcs, isBundled=true)
2023-05-25 12:00:19,346 [   1207]   WARN - #c.i.o.a.i.ActionManagerImpl - keymap "Eclipse" not found PluginDescriptor(name=Python Community Edition, id=PythonCore, descriptorPath=plugin.xml, path=/opt/pycharm-community-2022.2.2/plugins/python-ce, version=222.4167.33, package=null, isBundled=true)
2023-05-25 12:00:19,347 [   1208]   WARN - #c.i.o.a.i.ActionManagerImpl - keymap "NetBeans 6.5" not found PluginDescriptor(name=Python Community Edition, id=PythonCore, descriptorPath=plugin.xml, path=/opt/pycharm-community-2022.2.2/plugins/python-ce, version=222.4167.33, package=null, isBundled=true)
Info  | RdCoroutineScope          | 1:main          | RdCoroutineHost overridden 
2023-05-25 12:00:20,461 [   2322]   WARN - #c.i.e.t.TargetBasedSdks - SDK target configuration data is absent
2023-05-25 12:00:20,529 [   2390]   WARN - #c.i.e.t.TargetBasedSdks - SDK target configuration data is absent
2023-05-25 12:00:20,539 [   2400]   WARN - #c.i.e.t.TargetBasedSdks - SDK target configuration data is absent
2023-05-25 12:00:20,545 [   2406]   WARN - #c.i.e.t.TargetBasedSdks - SDK target configuration data is absent
2023-05-25 12:00:20,552 [   2413]   WARN - #c.i.e.t.TargetBasedSdks - SDK target configuration data is absent
2023-05-25 12:00:23,937 [   5798]   WARN - #c.i.o.a.i.ActionUpdater - 623 ms to grab EDT for #update@ToolwindowTitle (com.intellij.toolWindow.ToolWindowHeader$2)
2023-05-25 12:00:23,937 [   5798]   WARN - #c.i.o.a.i.ActionUpdater - 618 ms to grab EDT for BackAction#update@MainToolbar (com.intellij.ide.actions.BackAction)
2023-05-25 12:00:24,343 [   6204]   WARN - #c.i.o.a.i.ActionUpdater - 405 ms to grab EDT for CWMTelephonyGroup#update@MainToolbar (com.jetbrains.rd.platform.codeWithMe.telephony.CWMTelephonyGroup)
2023-05-25 21:00:54,728 [32436589]   WARN - #c.j.p.r.PythonCommandLineState - Python interpreter flavor is not taken into account while initializing Python path
2023-05-25 21:01:08,421 [32450282]   WARN - #c.j.p.r.PythonCommandLineState - Python interpreter flavor is not taken into account while initializing Python path
2023-05-25 21:07:19,561 [32821422]   WARN - #c.i.o.a.i.ActionPopupMenuImpl - Please do not use ActionPlaces.UNKNOWN or the empty place. Any string unique enough to deduce the popup menu location will do.
java.lang.Throwable: popup menu creation trace
	at com.intellij.openapi.actionSystem.impl.ActionPopupMenuImpl.<init>(ActionPopupMenuImpl.java:59)
	at com.intellij.openapi.actionSystem.impl.ActionManagerImpl.createActionPopupMenu(ActionManagerImpl.java:436)
	at com.jetbrains.rdserver.ui.actionPopupMenu.BackendActionManager.createActionPopupMenu(BackendActionManager.kt:31)
	at com.intellij.openapi.keymap.impl.ui.KeymapPanel.editSelection(KeymapPanel.java:616)
	at com.intellij.openapi.keymap.impl.ui.KeymapPanel$6.mousePressed(KeymapPanel.java:323)
	at java.desktop/java.awt.AWTEventMulticaster.mousePressed(AWTEventMulticaster.java:288)
	at java.desktop/java.awt.Component.processMouseEvent(Component.java:6645)
	at java.desktop/javax.swing.JComponent.processMouseEvent(JComponent.java:3392)
	at com.intellij.ui.treeStructure.Tree.processMouseEvent(Tree.java:422)
	at java.desktop/java.awt.Component.processEvent(Component.java:6413)
	at java.desktop/java.awt.Container.processEvent(Container.java:2266)
	at java.desktop/java.awt.Component.dispatchEventImpl(Component.java:5022)
	at java.desktop/java.awt.Container.dispatchEventImpl(Container.java:2324)
	at java.desktop/java.awt.Component.dispatchEvent(Component.java:4854)
	at java.desktop/java.awt.LightweightDispatcher.retargetMouseEvent(Container.java:4948)
	at java.desktop/java.awt.LightweightDispatcher.processMouseEvent(Container.java:4572)
	at java.desktop/java.awt.LightweightDispatcher.dispatchEvent(Container.java:4516)
	at java.desktop/java.awt.Container.dispatchEventImpl(Container.java:2310)
	at java.desktop/java.awt.Window.dispatchEventImpl(Window.java:2802)
	at java.desktop/java.awt.Component.dispatchEvent(Component.java:4854)
	at java.desktop/java.awt.EventQueue.dispatchEventImpl(EventQueue.java:781)
	at java.desktop/java.awt.EventQueue$4.run(EventQueue.java:730)
	at java.desktop/java.awt.EventQueue$4.run(EventQueue.java:724)
	at java.base/java.security.AccessController.doPrivileged(AccessController.java:399)
	at java.base/java.security.ProtectionDomain$JavaSecurityAccessImpl.doIntersectionPrivilege(ProtectionDomain.java:86)
	at java.base/java.security.ProtectionDomain$JavaSecurityAccessImpl.doIntersectionPrivilege(ProtectionDomain.java:97)
	at java.desktop/java.awt.EventQueue$5.run(EventQueue.java:754)
	at java.desktop/java.awt.EventQueue$5.run(EventQueue.java:752)
	at java.base/java.security.AccessController.doPrivileged(AccessController.java:399)
	at java.base/java.security.ProtectionDomain$JavaSecurityAccessImpl.doIntersectionPrivilege(ProtectionDomain.java:86)
	at java.desktop/java.awt.EventQueue.dispatchEvent(EventQueue.java:751)
	at com.intellij.ide.IdeEventQueue.defaultDispatchEvent(IdeEventQueue.java:918)
	at com.intellij.ide.IdeEventQueue.dispatchMouseEvent(IdeEventQueue.java:840)
	at com.intellij.ide.IdeEventQueue._dispatchEvent(IdeEventQueue.java:763)
	at com.intellij.ide.IdeEventQueue.lambda$dispatchEvent$6(IdeEventQueue.java:450)
	at com.intellij.openapi.progress.impl.CoreProgressManager.computePrioritized(CoreProgressManager.java:791)
	at com.intellij.ide.IdeEventQueue.lambda$dispatchEvent$7(IdeEventQueue.java:449)
	at com.intellij.openapi.application.TransactionGuardImpl.performActivity(TransactionGuardImpl.java:105)
	at com.intellij.ide.IdeEventQueue.performActivity(IdeEventQueue.java:624)
	at com.intellij.ide.IdeEventQueue.lambda$dispatchEvent$8(IdeEventQueue.java:447)
	at com.intellij.openapi.application.impl.ApplicationImpl.runIntendedWriteActionOnCurrentThread(ApplicationImpl.java:881)
	at com.intellij.ide.IdeEventQueue.dispatchEvent(IdeEventQueue.java:493)
	at java.desktop/java.awt.EventDispatchThread.pumpOneEventForFilters(EventDispatchThread.java:207)
	at java.desktop/java.awt.EventDispatchThread.pumpEventsForFilter(EventDispatchThread.java:128)
	at java.desktop/java.awt.EventDispatchThread.pumpEventsForFilter(EventDispatchThread.java:121)
	at java.desktop/java.awt.WaitDispatchSupport$2.run(WaitDispatchSupport.java:191)
	at java.desktop/java.awt.WaitDispatchSupport$4.run(WaitDispatchSupport.java:236)
	at java.desktop/java.awt.WaitDispatchSupport$4.run(WaitDispatchSupport.java:234)
	at java.base/java.security.AccessController.doPrivileged(AccessController.java:318)
	at java.desktop/java.awt.WaitDispatchSupport.enter(WaitDispatchSupport.java:234)
	at java.desktop/java.awt.Dialog.show(Dialog.java:1080)
	at com.intellij.openapi.ui.impl.DialogWrapperPeerImpl$MyDialog.show(DialogWrapperPeerImpl.java:712)
	at com.intellij.openapi.ui.impl.DialogWrapperPeerImpl.show(DialogWrapperPeerImpl.java:453)
	at com.intellij.openapi.ui.DialogWrapper.doShow(DialogWrapper.java:1672)
	at com.intellij.openapi.ui.DialogWrapper.show(DialogWrapper.java:1630)
	at com.intellij.ide.actions.ShowSettingsUtilImpl.showSettingsDialog(ShowSettingsUtilImpl.java:90)
	at com.intellij.ide.actions.ShowSettingsAction.perform(ShowSettingsAction.java:56)
	at com.intellij.ide.actions.ShowSettingsAction.actionPerformed(ShowSettingsAction.java:43)
	at com.intellij.openapi.actionSystem.ex.ActionUtil.doPerformActionOrShowPopup(ActionUtil.java:315)
	at com.intellij.openapi.actionSystem.ex.ActionUtil.lambda$performActionDumbAwareWithCallbacks$4(ActionUtil.java:294)
	at com.intellij.openapi.actionSystem.ex.ActionUtil.performDumbAwareWithCallbacks(ActionUtil.java:337)
	at com.intellij.openapi.actionSystem.ex.ActionUtil.performActionDumbAwareWithCallbacks(ActionUtil.java:294)
	at com.intellij.openapi.actionSystem.impl.ActionMenuItem.lambda$performAction$4(ActionMenuItem.java:293)
	at com.intellij.openapi.wm.impl.FocusManagerImpl.runOnOwnContext(FocusManagerImpl.java:227)
	at com.intellij.openapi.actionSystem.impl.ActionMenuItem.performAction(ActionMenuItem.java:286)
	at com.intellij.openapi.actionSystem.impl.ActionMenuItem.lambda$new$0(ActionMenuItem.java:67)
	at java.desktop/javax.swing.AbstractButton.fireActionPerformed(AbstractButton.java:1972)
	at com.intellij.openapi.actionSystem.impl.ActionMenuItem.lambda$fireActionPerformed$3(ActionMenuItem.java:109)
	at com.intellij.openapi.application.TransactionGuardImpl.performActivity(TransactionGuardImpl.java:105)
	at com.intellij.openapi.application.TransactionGuardImpl.performUserActivity(TransactionGuardImpl.java:94)
	at com.intellij.openapi.actionSystem.impl.ActionMenuItem.fireActionPerformed(ActionMenuItem.java:109)
	at com.intellij.ui.plaf.beg.BegMenuItemUI.doClick(BegMenuItemUI.java:546)
	at com.intellij.ui.plaf.beg.BegMenuItemUI$MyMouseInputHandler.mouseReleased(BegMenuItemUI.java:578)
	at java.desktop/java.awt.Component.processMouseEvent(Component.java:6648)
	at java.desktop/javax.swing.JComponent.processMouseEvent(JComponent.java:3392)
	at java.desktop/java.awt.Component.processEvent(Component.java:6413)
	at java.desktop/java.awt.Container.processEvent(Container.java:2266)
	at java.desktop/java.awt.Component.dispatchEventImpl(Component.java:5022)
	at java.desktop/java.awt.Container.dispatchEventImpl(Container.java:2324)
	at java.desktop/java.awt.Component.dispatchEvent(Component.java:4854)
	at java.desktop/java.awt.LightweightDispatcher.retargetMouseEvent(Container.java:4948)
	at java.desktop/java.awt.LightweightDispatcher.processMouseEvent(Container.java:4575)
	at java.desktop/java.awt.LightweightDispatcher.dispatchEvent(Container.java:4516)
	at java.desktop/java.awt.Container.dispatchEventImpl(Container.java:2310)
	at java.desktop/java.awt.Window.dispatchEventImpl(Window.java:2802)
	at java.desktop/java.awt.Component.dispatchEvent(Component.java:4854)
	at java.desktop/java.awt.EventQueue.dispatchEventImpl(EventQueue.java:781)
	at java.desktop/java.awt.EventQueue$4.run(EventQueue.java:730)
	at java.desktop/java.awt.EventQueue$4.run(EventQueue.java:724)
	at java.base/java.security.AccessController.doPrivileged(AccessController.java:399)
	at java.base/java.security.ProtectionDomain$JavaSecurityAccessImpl.doIntersectionPrivilege(ProtectionDomain.java:86)
	at java.base/java.security.ProtectionDomain$JavaSecurityAccessImpl.doIntersectionPrivilege(ProtectionDomain.java:97)
	at java.desktop/java.awt.EventQueue$5.run(EventQueue.java:754)
	at java.desktop/java.awt.EventQueue$5.run(EventQueue.java:752)
	at java.base/java.security.AccessController.doPrivileged(AccessController.java:399)
	at java.base/java.security.ProtectionDomain$JavaSecurityAccessImpl.doIntersectionPrivilege(ProtectionDomain.java:86)
	at java.desktop/java.awt.EventQueue.dispatchEvent(EventQueue.java:751)
	at com.intellij.ide.IdeEventQueue.defaultDispatchEvent(IdeEventQueue.java:918)
	at com.intellij.ide.IdeEventQueue.dispatchMouseEvent(IdeEventQueue.java:840)
	at com.intellij.ide.IdeEventQueue._dispatchEvent(IdeEventQueue.java:763)
	at com.intellij.ide.IdeEventQueue.lambda$dispatchEvent$6(IdeEventQueue.java:450)
	at com.intellij.openapi.progress.impl.CoreProgressManager.computePrioritized(CoreProgressManager.java:791)
	at com.intellij.ide.IdeEventQueue.lambda$dispatchEvent$7(IdeEventQueue.java:449)
	at com.intellij.openapi.application.TransactionGuardImpl.performActivity(TransactionGuardImpl.java:113)
	at com.intellij.ide.IdeEventQueue.performActivity(IdeEventQueue.java:624)
	at com.intellij.ide.IdeEventQueue.lambda$dispatchEvent$8(IdeEventQueue.java:447)
	at com.intellij.openapi.application.impl.ApplicationImpl.runIntendedWriteActionOnCurrentThread(ApplicationImpl.java:881)
	at com.intellij.ide.IdeEventQueue.dispatchEvent(IdeEventQueue.java:493)
	at java.desktop/java.awt.EventDispatchThread.pumpOneEventForFilters(EventDispatchThread.java:207)
	at java.desktop/java.awt.EventDispatchThread.pumpEventsForFilter(EventDispatchThread.java:128)
	at java.desktop/java.awt.EventDispatchThread.pumpEventsForHierarchy(EventDispatchThread.java:117)
	at java.desktop/java.awt.EventDispatchThread.pumpEvents(EventDispatchThread.java:113)
	at java.desktop/java.awt.EventDispatchThread.pumpEvents(EventDispatchThread.java:105)
	at java.desktop/java.awt.EventDispatchThread.run(EventDispatchThread.java:92)
2023-05-25 23:02:34,471 [39736332]   WARN - #c.j.p.r.PythonCommandLineState - Python interpreter flavor is not taken into account while initializing Python path
2023-05-25 23:02:55,815 [39757676]   WARN - #c.j.p.r.PythonCommandLineState - Python interpreter flavor is not taken into account while initializing Python path
2023-05-25 23:07:04,652 [40006513]   WARN - #c.j.p.r.PythonCommandLineState - Python interpreter flavor is not taken into account while initializing Python path
2023-05-25 23:07:59,072 [40060933]   WARN - #c.j.p.r.PythonCommandLineState - Python interpreter flavor is not taken into account while initializing Python path
2023-05-25 23:08:56,917 [40118778]   WARN - #c.j.p.r.PythonCommandLineState - Python interpreter flavor is not taken into account while initializing Python path
2023-05-25 23:28:38,354 [41300215]   WARN - #c.j.p.r.PythonCommandLineState - Python interpreter flavor is not taken into account while initializing Python path
2023-05-25 23:41:53,002 [42094863]   WARN - #c.j.p.r.PythonCommandLineState - Python interpreter flavor is not taken into account while initializing Python path
2023-05-25 23:42:06,401 [42108262]   WARN - #c.j.p.r.PythonCommandLineState - Python interpreter flavor is not taken into account while initializing Python path
2023-05-25 23:42:19,508 [42121369]   WARN - #c.j.p.r.PythonCommandLineState - Python interpreter flavor is not taken into account while initializing Python path
2023-05-26 12:19:15,411 [87537272]   WARN - #c.j.p.r.PythonCommandLineState - Python interpreter flavor is not taken into account while initializing Python path
2023-05-26 20:40:50,481 [117632342]   WARN - #c.j.p.r.PythonCommandLineState - Python interpreter flavor is not taken into account while initializing Python path
